18:09:46.357 [main] INFO  testCases.TC001 - Clicking patient Stories
18:10:27.308 [main] INFO  testCases.TC001 - Clicking patient Stories
18:10:29.473 [main] INFO  testCases.TC001 - Clicking availabilty
18:11:10.478 [main] INFO  testCases.TC001 - Clicking Relevance DropDown
18:11:51.271 [main] INFO  testCases.TC001 - Selecting Fee Description
18:11:54.150 [main] INFO  testCases.TC001 - Extracting Doctors information
18:11:54.151 [main] INFO  testCases.TC001 - ************Ending TC002 TestCases************
18:11:54.154 [main] INFO  testCases.TC001 - ************Starting TC003 TestCases************
18:12:14.349 [main] INFO  testCases.TC001 - Navigating to Surgeries page
18:12:14.638 [main] INFO  testCases.TC001 - Scrolling down to Popular Surgeries
18:12:18.548 [main] INFO  testCases.TC001 - Fetching List of Surgeries
18:12:18.549 [main] INFO  testCases.TC001 - ************Ending TC003 TestCases************
18:12:18.554 [main] INFO  testCases.TC001 - ************Starting TC004 TestCases************
18:12:18.989 [main] INFO  testCases.TC001 - Navigate to For Corporates DropDown
18:12:59.771 [main] INFO  testCases.TC001 - Selecting Health and wellness plan
18:12:59.816 [main] INFO  testCases.TC001 - Scrolling down
18:13:39.253 [main] INFO  testCases.TC001 - Fetched basic details like name,contact,email etc
18:13:39.297 [main] INFO  testCases.TC001 - printing Thank you Message
18:13:39.366 [main] INFO  testCases.TC001 - printing Details of Message
18:13:39.415 [main] INFO  testCases.TC001 - Thankyou Message Verified
18:13:39.906 [main] INFO  testCases.TC001 - ScreenShot taken
18:13:39.906 [main] INFO  testCases.TC001 - ************Ending TC004 TestCases************
